<?xml version="1.0" encoding="UTF-8"?>
<!-- Generated by org.testng.reporters.JUnitXMLReporter -->
<testsuite hostname="Kwabenas-MBP" ignored="0" name="SafariTest" tests="1" failures="1" timestamp="13 Dec 2018 04:34:16 GMT" time="8.694" errors="0">
  <testcase name="verifyInteriorSearchResults" time="5.274" classname="com.ford.pom_framework.tests.VerifyAccessoriesSearchResultsTest">
    <failure type="java.lang.AssertionError" message="
Build info: version: &amp;apos;3.13.0&amp;apos;, revision: &amp;apos;2f0d292&amp;apos;, time: &amp;apos;2018-06-25T15:24:21.231Z&amp;apos;
System info: host: &amp;apos;Kwabenas-MBP&amp;apos;, ip: &amp;apos;2600:1700:5650:4808:f4ae:a1f7:8a99:62a6%en0&amp;apos;, os.name: &amp;apos;Mac OS X&amp;apos;, os.arch: &amp;apos;x86_64&amp;apos;, os.version: &amp;apos;10.14.1&amp;apos;, java.version: &amp;apos;1.8.0_191&amp;apos;
Driver info: org.openqa.selenium.safari.SafariDriver
Capabilities {acceptInsecureCerts: false, browserName: Safari, browserVersion: 12.0.1, javascriptEnabled: true, platform: MAC, platformName: MAC, setWindowRect: true}
Session ID: F6DC0103-4714-4E0B-AF0F-24E3A199CFD4
*** Element info: {Using=xpath, value=//div[@class=&amp;apos;dropdown rel_id_model-select-modal rel_cls_hidden_select&amp;apos;]/dl/dt/a} expected [true] but found [false]">
      <![CDATA[java.lang.AssertionError: 
Build info: version: '3.13.0', revision: '2f0d292', time: '2018-06-25T15:24:21.231Z'
System info: host: 'Kwabenas-MBP', ip: '2600:1700:5650:4808:f4ae:a1f7:8a99:62a6%en0', os.name: 'Mac OS X', os.arch: 'x86_64', os.version: '10.14.1', java.version: '1.8.0_191'
Driver info: org.openqa.selenium.safari.SafariDriver
Capabilities {acceptInsecureCerts: false, browserName: Safari, browserVersion: 12.0.1, javascriptEnabled: true, platform: MAC, platformName: MAC, setWindowRect: true}
Session ID: F6DC0103-4714-4E0B-AF0F-24E3A199CFD4
*** Element info: {Using=xpath, value=//div[@class='dropdown rel_id_model-select-modal rel_cls_hidden_select']/dl/dt/a} expected [true] but found [false]
at com.ford.pom_framework.tests.VerifyAccessoriesSearchResultsTest.verifyInteriorSearchResults(VerifyAccessoriesSearchResultsTest.java:31)
... Removed 28 stack frames]]>
    </failure>
  </testcase> <!-- verifyInteriorSearchResults -->
</testsuite> <!-- SafariTest -->
